{"timestamp":"2025-11-14T00:45:00.320Z","level":"ERROR","message":"Login failed","error":"password authentication failed for user \"postgres\""}
{"timestamp":"2025-11-14T00:47:38.205Z","level":"ERROR","message":"Login failed","error":"password authentication failed for user \"postgres\""}
{"timestamp":"2025-11-14T00:51:27.533Z","level":"ERROR","message":"Login failed","error":"password authentication failed for user \"postgres\""}
{"timestamp":"2025-11-14T00:55:17.488Z","level":"ERROR","message":"Login failed","error":"column \"is_active\" does not exist"}
{"timestamp":"2025-11-14T02:32:47.594Z","level":"ERROR","message":"Registration failed","error":"unrecognized configuration parameter \"app.current_user_id\""}
{"timestamp":"2025-11-14T02:32:53.792Z","level":"ERROR","message":"Registration failed","error":"unrecognized configuration parameter \"app.current_user_id\""}
{"timestamp":"2025-11-14T02:35:20.783Z","level":"ERROR","message":"Registration failed","error":"null value in column \"action\" of relation \"audit_logs\" violates not-null constraint"}
{"timestamp":"2025-11-14T02:36:51.363Z","level":"ERROR","message":"Failed to send email","email":"likithinnote1@gmail.com","error":"1C600000:error:0A00010B:SSL routines:tls_validate_record_header:wrong version number:openssl\\ssl\\record\\methods\\tlsany_meth.c:85:\n"}
{"timestamp":"2025-11-14T02:37:18.190Z","level":"ERROR","message":"Chatbot interaction failed","error":"Error"}
{"timestamp":"2025-11-14T04:20:01.992Z","level":"ERROR","message":"Chatbot interaction failed","error":"Error"}
{"timestamp":"2025-11-14T04:21:12.415Z","level":"ERROR","message":"Registration failed","error":"null value in column \"license_number\" of relation \"doctors\" violates not-null constraint"}
{"timestamp":"2025-11-14T04:41:07.930Z","level":"ERROR","message":"Registration failed","error":"null value in column \"license_number\" of relation \"doctors\" violates not-null constraint"}
{"timestamp":"2025-11-14T04:53:18.562Z","level":"ERROR","message":"Failed to send email","email":"gagan@doctor.com","error":"C4350000:error:0A00010B:SSL routines:tls_validate_record_header:wrong version number:openssl\\ssl\\record\\methods\\tlsany_meth.c:85:\n"}
{"timestamp":"2025-11-14T06:36:13.858Z","level":"ERROR","message":"Registration failed","error":"unrecognized configuration parameter \"app.current_user_id\""}
{"timestamp":"2025-11-14T06:36:19.415Z","level":"ERROR","message":"Registration failed","error":"unrecognized configuration parameter \"app.current_user_id\""}
{"timestamp":"2025-11-14T06:48:18.540Z","level":"ERROR","message":"Registration failed","error":"null value in column \"action\" of relation \"audit_logs\" violates not-null constraint"}
{"timestamp":"2025-11-14T06:51:45.080Z","level":"ERROR","message":"Failed to send email","email":"siddharth56k@gmail.com","error":"C8060000:error:0A00010B:SSL routines:ssl3_get_record:wrong version number:c:\\ws\\deps\\openssl\\openssl\\ssl\\record\\ssl3_record.c:355:\n"}
{"timestamp":"2025-11-14T07:50:37.299Z","level":"ERROR","message":"Failed to send email","email":"siddharth56k@email.com","error":"C8060000:error:0A00010B:SSL routines:ssl3_get_record:wrong version number:c:\\ws\\deps\\openssl\\openssl\\ssl\\record\\ssl3_record.c:355:\n"}
{"timestamp":"2025-11-14T18:56:31.824Z","level":"ERROR","message":"Failed to send email","email":"test@gmail.com","error":"94B70000:error:0A00010B:SSL routines:tls_validate_record_header:wrong version number:openssl\\ssl\\record\\methods\\tlsany_meth.c:85:\n"}
{"timestamp":"2025-11-14T20:09:20.696Z","level":"ERROR","message":{}}
{"timestamp":"2025-11-14T20:37:37.203Z","level":"ERROR","message":{"length":126,"name":"error","severity":"ERROR","code":"42703","position":"21","file":"analyze.c","line":"2581","routine":"transformUpdateTargetList"}}
{"timestamp":"2025-11-14T21:17:02.560Z","level":"ERROR","message":{"length":126,"name":"error","severity":"ERROR","code":"42703","position":"21","file":"analyze.c","line":"2581","routine":"transformUpdateTargetList"}}
{"timestamp":"2025-11-14T21:26:09.379Z","level":"ERROR","message":{"length":126,"name":"error","severity":"ERROR","code":"42703","position":"21","file":"analyze.c","line":"2581","routine":"transformUpdateTargetList"}}
